# JRE version: OpenJDK Runtime Environment (8.0_152-b01) (build 1.8.0_152-release-1343-b01)
# Java VM: OpenJDK 64-Bit Server VM (25.152-b01 mixed mode windows-amd64 compressed oops)
Heap:
 PSYoungGen      total 68096K, used 47969K [0x00000000e0000000, 0x00000000e4e80000, 0x0000000100000000)
  eden space 60928K, 78% used [0x00000000e0000000,0x00000000e2ed8550,0x00000000e3b80000)
  from space 7168K, 0% used [0x00000000e4780000,0x00000000e4780000,0x00000000e4e80000)
  to   space 9728K, 0% used [0x00000000e3b80000,0x00000000e3b80000,0x00000000e4500000)
 ParOldGen       total 47616K, used 13088K [0x00000000a0000000, 0x00000000a2e80000, 0x00000000e0000000)
  object space 47616K, 27% used [0x00000000a0000000,0x00000000a0cc82e0,0x00000000a2e80000)
 Metaspace       used 27078K, capacity 27588K, committed 27776K, reserved 1073152K
  class space    used 3691K, capacity 3897K, committed 3968K, reserved 1048576K
GC Heap History (10 events):
Event: 13.486 GC heap before
{Heap before GC invocations=3 (full 0):
 PSYoungGen      total 35328K, used 35315K [0x00000000e0000000, 0x00000000e2500000, 0x0000000100000000)
  eden space 32768K, 100% used [0x00000000e0000000,0x00000000e2000000,0x00000000e2000000)
  from space 2560K, 99% used [0x00000000e2280000,0x00000000e24fce50,0x00000000e2500000)
  to   space 2560K, 0% used [0x00000000e2000000,0x00000000e2000000,0x00000000e2280000)
 ParOldGen       total 44032K, used 566K [0x00000000a0000000, 0x00000000a2b00000, 0x00000000e0000000)
  object space 44032K, 1% used [0x00000000a0000000,0x00000000a008da58,0x00000000a2b00000)
 Metaspace       used 8853K, capacity 9104K, committed 9216K, reserved 1056768K
  class space    used 1152K, capacity 1228K, committed 1280K, reserved 1048576K
Event: 13.504 GC heap after
Heap after GC invocations=3 (full 0):
 PSYoungGen      total 35328K, used 2544K [0x00000000e0000000, 0x00000000e4500000, 0x0000000100000000)
  eden space 32768K, 0% used [0x00000000e0000000,0x00000000e0000000,0x00000000e2000000)
  from space 2560K, 99% used [0x00000000e2000000,0x00000000e227c010,0x00000000e2280000)
  to   space 2560K, 0% used [0x00000000e4280000,0x00000000e4280000,0x00000000e4500000)
 ParOldGen       total 44032K, used 2466K [0x00000000a0000000, 0x00000000a2b00000, 0x00000000e0000000)
  object space 44032K, 5% used [0x00000000a0000000,0x00000000a0268ab0,0x00000000a2b00000)
 Metaspace       used 8853K, capacity 9104K, committed 9216K, reserved 1056768K
  class space    used 1152K, capacity 1228K, committed 1280K, reserved 1048576K
}
Event: 64.970 GC heap before
{Heap before GC invocations=4 (full 0):
 PSYoungGen      total 35328K, used 35312K [0x00000000e0000000, 0x00000000e4500000, 0x0000000100000000)
  eden space 32768K, 100% used [0x00000000e0000000,0x00000000e2000000,0x00000000e2000000)
  from space 2560K, 99% used [0x00000000e2000000,0x00000000e227c010,0x00000000e2280000)
  to   space 2560K, 0% used [0x00000000e4280000,0x00000000e4280000,0x00000000e4500000)
 ParOldGen       total 44032K, used 2466K [0x00000000a0000000, 0x00000000a2b00000, 0x00000000e0000000)
  object space 44032K, 5% used [0x00000000a0000000,0x00000000a0268ab0,0x00000000a2b00000)
 Metaspace       used 13263K, capacity 13556K, committed 13824K, reserved 1060864K
  class space    used 1821K, capacity 1966K, committed 2048K, reserved 1048576K
Event: 64.994 GC heap after
Heap after GC invocations=4 (full 0):
 PSYoungGen      total 68096K, used 2528K [0x00000000e0000000, 0x00000000e4500000, 0x0000000100000000)
  eden space 65536K, 0% used [0x00000000e0000000,0x00000000e0000000,0x00000000e4000000)
  from space 2560K, 98% used [0x00000000e4280000,0x00000000e44f8020,0x00000000e4500000)
  to   space 2560K, 0% used [0x00000000e4000000,0x00000000e4000000,0x00000000e4280000)
 ParOldGen       total 44032K, used 6253K [0x00000000a0000000, 0x00000000a2b00000, 0x00000000e0000000)
  object space 44032K, 14% used [0x00000000a0000000,0x00000000a061b6c0,0x00000000a2b00000)
 Metaspace       used 13263K, capacity 13556K, committed 13824K, reserved 1060864K
  class space    used 1821K, capacity 1966K, committed 2048K, reserved 1048576K
}
Event: 128.110 GC heap before
{Heap before GC invocations=5 (full 0):
 PSYoungGen      total 68096K, used 68064K [0x00000000e0000000, 0x00000000e4500000, 0x0000000100000000)
  eden space 65536K, 100% used [0x00000000e0000000,0x00000000e4000000,0x00000000e4000000)
  from space 2560K, 98% used [0x00000000e4280000,0x00000000e44f8020,0x00000000e4500000)
  to   space 2560K, 0% used [0x00000000e4000000,0x00000000e4000000,0x00000000e4280000)
 ParOldGen       total 44032K, used 6253K [0x00000000a0000000, 0x00000000a2b00000, 0x00000000e0000000)
  object space 44032K, 14% used [0x00000000a0000000,0x00000000a061b6c0,0x00000000a2b00000)
 Metaspace       used 19103K, capacity 19538K, committed 19584K, reserved 1067008K
  class space    used 2757K, capacity 2927K, committed 2944K, reserved 1048576K
Event: 128.147 GC heap after
Heap after GC invocations=5 (full 0):
 PSYoungGen      total 65536K, used 2528K [0x00000000e0000000, 0x00000000e5180000, 0x0000000100000000)
  eden space 62976K, 0% used [0x00000000e0000000,0x00000000e0000000,0x00000000e3d80000)
  from space 2560K, 98% used [0x00000000e4000000,0x00000000e4278050,0x00000000e4280000)
  to   space 10240K, 0% used [0x00000000e4780000,0x00000000e4780000,0x00000000e5180000)
 ParOldGen       total 44032K, used 13885K [0x00000000a0000000, 0x00000000a2b00000, 0x00000000e0000000)
  object space 44032K, 31% used [0x00000000a0000000,0x00000000a0d8f550,0x00000000a2b00000)
 Metaspace       used 19103K, capacity 19538K, committed 19584K, reserved 1067008K
  class space    used 2757K, capacity 2927K, committed 2944K, reserved 1048576K
}
Event: 138.370 GC heap before
{Heap before GC invocations=6 (full 0):
 PSYoungGen      total 65536K, used 13148K [0x00000000e0000000, 0x00000000e5180000, 0x0000000100000000)
  eden space 62976K, 16% used [0x00000000e0000000,0x00000000e0a5f028,0x00000000e3d80000)
  from space 2560K, 98% used [0x00000000e4000000,0x00000000e4278050,0x00000000e4280000)
  to   space 10240K, 0% used [0x00000000e4780000,0x00000000e4780000,0x00000000e5180000)
 ParOldGen       total 44032K, used 13885K [0x00000000a0000000, 0x00000000a2b00000, 0x00000000e0000000)
  object space 44032K, 31% used [0x00000000a0000000,0x00000000a0d8f550,0x00000000a2b00000)
 Metaspace       used 20684K, capacity 21138K, committed 21296K, reserved 1067008K
  class space    used 2908K, capacity 3119K, committed 3200K, reserved 1048576K
Event: 138.389 GC heap after
Heap after GC invocations=6 (full 0):
 PSYoungGen      total 68096K, used 4366K [0x00000000e0000000, 0x00000000e4e80000, 0x0000000100000000)
  eden space 60928K, 0% used [0x00000000e0000000,0x00000000e0000000,0x00000000e3b80000)
  from space 7168K, 60% used [0x00000000e4780000,0x00000000e4bc3860,0x00000000e4e80000)
  to   space 9728K, 0% used [0x00000000e3b80000,0x00000000e3b80000,0x00000000e4500000)
 ParOldGen       total 44032K, used 13893K [0x00000000a0000000, 0x00000000a2b00000, 0x00000000e0000000)
  object space 44032K, 31% used [0x00000000a0000000,0x00000000a0d91550,0x00000000a2b00000)
 Metaspace       used 20684K, capacity 21138K, committed 21296K, reserved 1067008K
  class space    used 2908K, capacity 3119K, committed 3200K, reserved 1048576K
}
Event: 138.389 GC heap before
{Heap before GC invocations=7 (full 1):
 PSYoungGen      total 68096K, used 4366K [0x00000000e0000000, 0x00000000e4e80000, 0x0000000100000000)
  eden space 60928K, 0% used [0x00000000e0000000,0x00000000e0000000,0x00000000e3b80000)
  from space 7168K, 60% used [0x00000000e4780000,0x00000000e4bc3860,0x00000000e4e80000)
  to   space 9728K, 0% used [0x00000000e3b80000,0x00000000e3b80000,0x00000000e4500000)
 ParOldGen       total 44032K, used 13893K [0x00000000a0000000, 0x00000000a2b00000, 0x00000000e0000000)
  object space 44032K, 31% used [0x00000000a0000000,0x00000000a0d91550,0x00000000a2b00000)
 Metaspace       used 20684K, capacity 21138K, committed 21296K, reserved 1067008K
  class space    used 2908K, capacity 3119K, committed 3200K, reserved 1048576K
Event: 139.774 GC heap after
Heap after GC invocations=7 (full 1):
 PSYoungGen      total 68096K, used 0K [0x00000000e0000000, 0x00000000e4e80000, 0x0000000100000000)
  eden space 60928K, 0% used [0x00000000e0000000,0x00000000e0000000,0x00000000e3b80000)
  from space 7168K, 0% used [0x00000000e4780000,0x00000000e4780000,0x00000000e4e80000)
  to   space 9728K, 0% used [0x00000000e3b80000,0x00000000e3b80000,0x00000000e4500000)
 ParOldGen       total 47616K, used 13088K [0x00000000a0000000, 0x00000000a2e80000, 0x00000000e0000000)
  object space 47616K, 27% used [0x00000000a0000000,0x00000000a0cc82e0,0x00000000a2e80000)
 Metaspace       used 20684K, capacity 21138K, committed 21296K, reserved 1067008K
  class space    used 2908K, capacity 3119K, committed 3200K, reserved 1048576K
}

